<?xml version="1.0" encoding="UTF-8"?>
<testng-results ignored="0" total="1" passed="0" failed="1" skipped="0">
  <reporter-output>
    <line>
      <![CDATA[Element is present in the webpage]]>
    </line>
    <line>
      <![CDATA[Top Panel is displayed]]>
    </line>
    <line>
      <![CDATA[Clicked on the webelement successfully]]>
    </line>
    <line>
      <![CDATA[Element is visible in the webpage]]>
    </line>
    <line>
      <![CDATA[Clicked on the webelement successfully]]>
    </line>
    <line>
      <![CDATA[Element is visible in the webpage]]>
    </line>
    <line>
      <![CDATA[Successfully filled the text in the text box]]>
    </line>
    <line>
      <![CDATA[Successfully filled the text in the text box]]>
    </line>
    <line>
      <![CDATA[Clicked on the webelement successfully]]>
    </line>
    <line>
      <![CDATA[Element is present in the webpage]]>
    </line>
    <line>
      <![CDATA[Element is visible in the webpage]]>
    </line>
    <line>
      <![CDATA[Flight Booking page is displayed]]>
    </line>
    <line>
      <![CDATA[Element is visible in the webpage]]>
    </line>
    <line>
      <![CDATA[Clicked on the webelement successfully]]>
    </line>
    <line>
      <![CDATA[Successfully filled the text in the text box]]>
    </line>
    <line>
      <![CDATA[Element is visible in the webpage]]>
    </line>
    <line>
      <![CDATA[Element is visible in the webpage]]>
    </line>
    <line>
      <![CDATA[Clicked on the webelement successfully]]>
    </line>
    <line>
      <![CDATA[Successfully filled the text in the text box]]>
    </line>
    <line>
      <![CDATA[Element is visible in the webpage]]>
    </line>
    <line>
      <![CDATA[Element is visible in the webpage]]>
    </line>
    <line>
      <![CDATA[Clicked on the webelement successfully]]>
    </line>
    <line>
      <![CDATA[Clicked on the webelement successfully]]>
    </line>
    <line>
      <![CDATA[Element is visible in the webpage]]>
    </line>
    <line>
      <![CDATA[Clicked on the webelement successfully]]>
    </line>
    <line>
      <![CDATA[Clicked on the webelement successfully]]>
    </line>
    <line>
      <![CDATA[Successfully selected the text in the dropdown]]>
    </line>
    <line>
      <![CDATA[Element is visible in the webpage]]>
    </line>
    <line>
      <![CDATA[Clicked on the webelement successfully]]>
    </line>
  </reporter-output>
  <suite started-at="2021-09-01T11:18:09 IST" name="Default suite" finished-at="2021-09-01T11:18:26 IST" duration-ms="16911">
    <groups>
    </groups>
    <test started-at="2021-09-01T11:18:09 IST" name="Default test" finished-at="2021-09-01T11:18:26 IST" duration-ms="16911">
      <class name="com.cleartrip.tests.Regression_001_BookRoundTrip">
        <test-method is-config="true" signature="setUp()[pri:0, instance:com.cleartrip.tests.Regression_001_BookRoundTrip@3d6300e8]" started-at="2021-09-01T11:18:09 IST" name="setUp" finished-at="2021-09-01T11:18:12 IST" duration-ms="3105" status="PASS">
          <reporter-output>
          </reporter-output>
        </test-method> <!-- setUp -->
        <test-method signature="NRE_001_BookRoundTrip_test()[pri:0, instance:com.cleartrip.tests.Regression_001_BookRoundTrip@3d6300e8]" started-at="2021-09-01T11:18:12 IST" name="NRE_001_BookRoundTrip_test" finished-at="2021-09-01T11:18:26 IST" duration-ms="13662" status="FAIL">
          <exception class="org.openqa.selenium.WebDriverException">
            <message>
              <![CDATA[Failed to decode response from marionette
Build info: version: '3.141.59', revision: 'e82be7d358', time: '2018-11-14T08:17:03'
System info: host: 'SCEEKALPF28RTJ2', ip: '192.168.29.108', os.name: 'Windows 10', os.arch: 'amd64', os.version: '10.0', java.version: '11.0.1'
Driver info: org.openqa.selenium.firefox.FirefoxDriver
Capabilities {acceptInsecureCerts: true, browserName: firefox, browserVersion: 90.0.2, javascriptEnabled: true, moz:accessibilityChecks: false, moz:buildID: 20210721174149, moz:geckodriverVersion: 0.29.1, moz:headless: false, moz:processID: 21168, moz:profile: C:\Users\sceekala\AppData\L..., moz:shutdownTimeout: 60000, moz:useNonSpecCompliantPointerOrigin: false, moz:webdriverClick: true, pageLoadStrategy: normal, platform: WINDOWS, platformName: WINDOWS, platformVersion: 10.0, proxy: Proxy(), setWindowRect: true, strictFileInteractability: false, timeouts: {implicit: 0, pageLoad: 300000, script: 30000}, unhandledPromptBehavior: dismiss and notify}
Session ID: 305ff255-8900-493e-a013-39368f9c05d6
*** Element info: {Using=xpath, value=.//button[text()='Book']}]]>
            </message>
            <full-stacktrace>
              <![CDATA[org.openqa.selenium.WebDriverException: Failed to decode response from marionette
Build info: version: '3.141.59', revision: 'e82be7d358', time: '2018-11-14T08:17:03'
System info: host: 'SCEEKALPF28RTJ2', ip: '192.168.29.108', os.name: 'Windows 10', os.arch: 'amd64', os.version: '10.0', java.version: '11.0.1'
Driver info: org.openqa.selenium.firefox.FirefoxDriver
Capabilities {acceptInsecureCerts: true, browserName: firefox, browserVersion: 90.0.2, javascriptEnabled: true, moz:accessibilityChecks: false, moz:buildID: 20210721174149, moz:geckodriverVersion: 0.29.1, moz:headless: false, moz:processID: 21168, moz:profile: C:\Users\sceekala\AppData\L..., moz:shutdownTimeout: 60000, moz:useNonSpecCompliantPointerOrigin: false, moz:webdriverClick: true, pageLoadStrategy: normal, platform: WINDOWS, platformName: WINDOWS, platformVersion: 10.0, proxy: Proxy(), setWindowRect: true, strictFileInteractability: false, timeouts: {implicit: 0, pageLoad: 300000, script: 30000}, unhandledPromptBehavior: dismiss and notify}
Session ID: 305ff255-8900-493e-a013-39368f9c05d6
*** Element info: {Using=xpath, value=.//button[text()='Book']}
at java.base/jdk.internal.reflect.NativeConstructorAccessorImpl.newInstance0(Native Method)
at java.base/jdk.internal.reflect.NativeConstructorAccessorImpl.newInstance(NativeConstructorAccessorImpl.java:62)
at java.base/jdk.internal.reflect.DelegatingConstructorAccessorImpl.newInstance(DelegatingConstructorAccessorImpl.java:45)
at java.base/java.lang.reflect.Constructor.newInstance(Constructor.java:490)
at org.openqa.selenium.remote.http.W3CHttpResponseCodec.createException(W3CHttpResponseCodec.java:187)
at org.openqa.selenium.remote.http.W3CHttpResponseCodec.decode(W3CHttpResponseCodec.java:122)
at org.openqa.selenium.remote.http.W3CHttpResponseCodec.decode(W3CHttpResponseCodec.java:49)
at org.openqa.selenium.remote.HttpCommandExecutor.execute(HttpCommandExecutor.java:158)
at org.openqa.selenium.remote.service.DriverCommandExecutor.execute(DriverCommandExecutor.java:83)
at org.openqa.selenium.remote.RemoteWebDriver.execute(RemoteWebDriver.java:552)
at org.openqa.selenium.remote.RemoteWebDriver.findElement(RemoteWebDriver.java:323)
at org.openqa.selenium.remote.RemoteWebDriver.findElementByXPath(RemoteWebDriver.java:428)
at org.openqa.selenium.By$ByXPath.findElement(By.java:353)
at org.openqa.selenium.remote.RemoteWebDriver.findElement(RemoteWebDriver.java:315)
at org.openqa.selenium.support.ui.ExpectedConditions$6.apply(ExpectedConditions.java:182)
at org.openqa.selenium.support.ui.ExpectedConditions$6.apply(ExpectedConditions.java:179)
at org.openqa.selenium.support.ui.FluentWait.until(FluentWait.java:249)
at com.cleartrip.utils.WaitUtils.waitForElementPresent(WaitUtils.java:32)
at com.cleartrip.pages.FlightBooking.clickSearchFlights(FlightBooking.java:148)
at com.cleartrip.tests.Regression_001_BookRoundTrip.NRE_001_BookRoundTrip_test(Regression_001_BookRoundTrip.java:32)
at java.base/jdk.internal.reflect.NativeMethodAccessorImpl.invoke0(Native Method)
at java.base/jdk.internal.reflect.NativeMethodAccessorImpl.invoke(NativeMethodAccessorImpl.java:62)
at java.base/jdk.internal.reflect.DelegatingMethodAccessorImpl.invoke(DelegatingMethodAccessorImpl.java:43)
at java.base/java.lang.reflect.Method.invoke(Method.java:566)
at org.testng.internal.MethodInvocationHelper.invokeMethod(MethodInvocationHelper.java:133)
at org.testng.internal.TestInvoker.invokeMethod(TestInvoker.java:598)
at org.testng.internal.TestInvoker.invokeTestMethod(TestInvoker.java:173)
at org.testng.internal.MethodRunner.runInSequence(MethodRunner.java:46)
at org.testng.internal.TestInvoker$MethodInvocationAgent.invoke(TestInvoker.java:824)
at org.testng.internal.TestInvoker.invokeTestMethods(TestInvoker.java:146)
at org.testng.internal.TestMethodWorker.invokeTestMethods(TestMethodWorker.java:146)
at org.testng.internal.TestMethodWorker.run(TestMethodWorker.java:128)
at java.base/java.util.ArrayList.forEach(ArrayList.java:1540)
at org.testng.TestRunner.privateRun(TestRunner.java:794)
at org.testng.TestRunner.run(TestRunner.java:596)
at org.testng.SuiteRunner.runTest(SuiteRunner.java:377)
at org.testng.SuiteRunner.runSequentially(SuiteRunner.java:371)
at org.testng.SuiteRunner.privateRun(SuiteRunner.java:332)
at org.testng.SuiteRunner.run(SuiteRunner.java:276)
at org.testng.SuiteRunnerWorker.runSuite(SuiteRunnerWorker.java:53)
at org.testng.SuiteRunnerWorker.run(SuiteRunnerWorker.java:96)
at org.testng.TestNG.runSuitesSequentially(TestNG.java:1212)
at org.testng.TestNG.runSuitesLocally(TestNG.java:1134)
at org.testng.TestNG.runSuites(TestNG.java:1063)
at org.testng.TestNG.run(TestNG.java:1031)
at org.testng.remote.AbstractRemoteTestNG.run(AbstractRemoteTestNG.java:115)
at org.testng.remote.RemoteTestNG.initAndRun(RemoteTestNG.java:251)
at org.testng.remote.RemoteTestNG.main(RemoteTestNG.java:77)
]]>
            </full-stacktrace>
          </exception> <!-- org.openqa.selenium.WebDriverException -->
          <reporter-output>
            <line>
              <![CDATA[Element is present in the webpage]]>
            </line>
            <line>
              <![CDATA[Top Panel is displayed]]>
            </line>
            <line>
              <![CDATA[Clicked on the webelement successfully]]>
            </line>
            <line>
              <![CDATA[Element is visible in the webpage]]>
            </line>
            <line>
              <![CDATA[Clicked on the webelement successfully]]>
            </line>
            <line>
              <![CDATA[Element is visible in the webpage]]>
            </line>
            <line>
              <![CDATA[Successfully filled the text in the text box]]>
            </line>
            <line>
              <![CDATA[Successfully filled the text in the text box]]>
            </line>
            <line>
              <![CDATA[Clicked on the webelement successfully]]>
            </line>
            <line>
              <![CDATA[Element is present in the webpage]]>
            </line>
            <line>
              <![CDATA[Element is visible in the webpage]]>
            </line>
            <line>
              <![CDATA[Flight Booking page is displayed]]>
            </line>
            <line>
              <![CDATA[Element is visible in the webpage]]>
            </line>
            <line>
              <![CDATA[Clicked on the webelement successfully]]>
            </line>
            <line>
              <![CDATA[Successfully filled the text in the text box]]>
            </line>
            <line>
              <![CDATA[Element is visible in the webpage]]>
            </line>
            <line>
              <![CDATA[Element is visible in the webpage]]>
            </line>
            <line>
              <![CDATA[Clicked on the webelement successfully]]>
            </line>
            <line>
              <![CDATA[Successfully filled the text in the text box]]>
            </line>
            <line>
              <![CDATA[Element is visible in the webpage]]>
            </line>
            <line>
              <![CDATA[Element is visible in the webpage]]>
            </line>
            <line>
              <![CDATA[Clicked on the webelement successfully]]>
            </line>
            <line>
              <![CDATA[Clicked on the webelement successfully]]>
            </line>
            <line>
              <![CDATA[Element is visible in the webpage]]>
            </line>
            <line>
              <![CDATA[Clicked on the webelement successfully]]>
            </line>
            <line>
              <![CDATA[Clicked on the webelement successfully]]>
            </line>
            <line>
              <![CDATA[Successfully selected the text in the dropdown]]>
            </line>
            <line>
              <![CDATA[Element is visible in the webpage]]>
            </line>
            <line>
              <![CDATA[Clicked on the webelement successfully]]>
            </line>
          </reporter-output>
        </test-method> <!-- NRE_001_BookRoundTrip_test -->
        <test-method is-config="true" signature="tearDown()[pri:0, instance:com.cleartrip.tests.Regression_001_BookRoundTrip@3d6300e8]" started-at="2021-09-01T11:18:26 IST" name="tearDown" finished-at="2021-09-01T11:18:26 IST" duration-ms="72" status="FAIL">
          <exception class="org.openqa.selenium.NoSuchSessionException">
            <message>
              <![CDATA[Tried to run command without establishing a connection
Build info: version: '3.141.59', revision: 'e82be7d358', time: '2018-11-14T08:17:03'
System info: host: 'SCEEKALPF28RTJ2', ip: '192.168.29.108', os.name: 'Windows 10', os.arch: 'amd64', os.version: '10.0', java.version: '11.0.1'
Driver info: org.openqa.selenium.firefox.FirefoxDriver
Capabilities {acceptInsecureCerts: true, browserName: firefox, browserVersion: 90.0.2, javascriptEnabled: true, moz:accessibilityChecks: false, moz:buildID: 20210721174149, moz:geckodriverVersion: 0.29.1, moz:headless: false, moz:processID: 21168, moz:profile: C:\Users\sceekala\AppData\L..., moz:shutdownTimeout: 60000, moz:useNonSpecCompliantPointerOrigin: false, moz:webdriverClick: true, pageLoadStrategy: normal, platform: WINDOWS, platformName: WINDOWS, platformVersion: 10.0, proxy: Proxy(), setWindowRect: true, strictFileInteractability: false, timeouts: {implicit: 0, pageLoad: 300000, script: 30000}, unhandledPromptBehavior: dismiss and notify}
Session ID: 305ff255-8900-493e-a013-39368f9c05d6]]>
            </message>
            <full-stacktrace>
              <![CDATA[org.openqa.selenium.NoSuchSessionException: Tried to run command without establishing a connection
Build info: version: '3.141.59', revision: 'e82be7d358', time: '2018-11-14T08:17:03'
System info: host: 'SCEEKALPF28RTJ2', ip: '192.168.29.108', os.name: 'Windows 10', os.arch: 'amd64', os.version: '10.0', java.version: '11.0.1'
Driver info: org.openqa.selenium.firefox.FirefoxDriver
Capabilities {acceptInsecureCerts: true, browserName: firefox, browserVersion: 90.0.2, javascriptEnabled: true, moz:accessibilityChecks: false, moz:buildID: 20210721174149, moz:geckodriverVersion: 0.29.1, moz:headless: false, moz:processID: 21168, moz:profile: C:\Users\sceekala\AppData\L..., moz:shutdownTimeout: 60000, moz:useNonSpecCompliantPointerOrigin: false, moz:webdriverClick: true, pageLoadStrategy: normal, platform: WINDOWS, platformName: WINDOWS, platformVersion: 10.0, proxy: Proxy(), setWindowRect: true, strictFileInteractability: false, timeouts: {implicit: 0, pageLoad: 300000, script: 30000}, unhandledPromptBehavior: dismiss and notify}
Session ID: 305ff255-8900-493e-a013-39368f9c05d6
at java.base/jdk.internal.reflect.NativeConstructorAccessorImpl.newInstance0(Native Method)
at java.base/jdk.internal.reflect.NativeConstructorAccessorImpl.newInstance(NativeConstructorAccessorImpl.java:62)
at java.base/jdk.internal.reflect.DelegatingConstructorAccessorImpl.newInstance(DelegatingConstructorAccessorImpl.java:45)
at java.base/java.lang.reflect.Constructor.newInstance(Constructor.java:490)
at org.openqa.selenium.remote.http.W3CHttpResponseCodec.createException(W3CHttpResponseCodec.java:187)
at org.openqa.selenium.remote.http.W3CHttpResponseCodec.decode(W3CHttpResponseCodec.java:122)
at org.openqa.selenium.remote.http.W3CHttpResponseCodec.decode(W3CHttpResponseCodec.java:49)
at org.openqa.selenium.remote.HttpCommandExecutor.execute(HttpCommandExecutor.java:158)
at org.openqa.selenium.remote.service.DriverCommandExecutor.execute(DriverCommandExecutor.java:83)
at org.openqa.selenium.remote.RemoteWebDriver.execute(RemoteWebDriver.java:552)
at org.openqa.selenium.remote.RemoteWebDriver.execute(RemoteWebDriver.java:609)
at org.openqa.selenium.remote.RemoteWebDriver.quit(RemoteWebDriver.java:452)
at com.cleartrip.common.SeleniumSEPTest.tearDown(SeleniumSEPTest.java:93)
at java.base/jdk.internal.reflect.NativeMethodAccessorImpl.invoke0(Native Method)
at java.base/jdk.internal.reflect.NativeMethodAccessorImpl.invoke(NativeMethodAccessorImpl.java:62)
at java.base/jdk.internal.reflect.DelegatingMethodAccessorImpl.invoke(DelegatingMethodAccessorImpl.java:43)
at java.base/java.lang.reflect.Method.invoke(Method.java:566)
at org.testng.internal.MethodInvocationHelper.invokeMethod(MethodInvocationHelper.java:133)
at org.testng.internal.MethodInvocationHelper.invokeMethodConsideringTimeout(MethodInvocationHelper.java:62)
at org.testng.internal.ConfigInvoker.invokeConfigurationMethod(ConfigInvoker.java:385)
at org.testng.internal.ConfigInvoker.invokeConfigurations(ConfigInvoker.java:321)
at org.testng.TestRunner.invokeTestConfigurations(TestRunner.java:637)
at org.testng.TestRunner.afterRun(TestRunner.java:877)
at org.testng.TestRunner.run(TestRunner.java:599)
at org.testng.SuiteRunner.runTest(SuiteRunner.java:377)
at org.testng.SuiteRunner.runSequentially(SuiteRunner.java:371)
at org.testng.SuiteRunner.privateRun(SuiteRunner.java:332)
at org.testng.SuiteRunner.run(SuiteRunner.java:276)
at org.testng.SuiteRunnerWorker.runSuite(SuiteRunnerWorker.java:53)
at org.testng.SuiteRunnerWorker.run(SuiteRunnerWorker.java:96)
at org.testng.TestNG.runSuitesSequentially(TestNG.java:1212)
at org.testng.TestNG.runSuitesLocally(TestNG.java:1134)
at org.testng.TestNG.runSuites(TestNG.java:1063)
at org.testng.TestNG.run(TestNG.java:1031)
at org.testng.remote.AbstractRemoteTestNG.run(AbstractRemoteTestNG.java:115)
at org.testng.remote.RemoteTestNG.initAndRun(RemoteTestNG.java:251)
at org.testng.remote.RemoteTestNG.main(RemoteTestNG.java:77)
]]>
            </full-stacktrace>
          </exception> <!-- org.openqa.selenium.NoSuchSessionException -->
          <reporter-output>
          </reporter-output>
        </test-method> <!-- tearDown -->
      </class> <!-- com.cleartrip.tests.Regression_001_BookRoundTrip -->
    </test> <!-- Default test -->
  </suite> <!-- Default suite -->
</testng-results>
